<?xml version="1.0" encoding="UTF-8"?>
<!-- Generated by org.testng.reporters.JUnitReportReporter -->
<testsuite skipped="0" hostname="wjn" name="action.chanpinTest" tests="1" failures="0" timestamp="21 十一月 2017 07:22:04 GMT" time="15.910" errors="0">
  <testcase name="three" time="15.910" classname="action.chanpinTest"/>
</testsuite> <!-- action.chanpinTest -->
