<?xml version="1.0" encoding="UTF-8"?>
<!-- Generated by org.testng.reporters.JUnitReportReporter -->
<testsuite skipped="0" hostname="wjn" name="action.shezhi_shezhi" tests="1" failures="0" timestamp="21 十一月 2017 06:57:35 GMT" time="14.484" errors="0">
  <testcase name="shezhiTestfail" time="14.484" classname="action.shezhi_shezhi"/>
</testsuite> <!-- action.shezhi_shezhi -->
